c:\users\felip\onedrive\documents\definitivero\definitivero\emulador\.vs\build\login-server\x64\debug\loginlog.obj
c:\users\felip\onedrive\documents\definitivero\definitivero\emulador\.vs\build\login-server\x64\debug\account.obj
c:\users\felip\onedrive\documents\definitivero\definitivero\emulador\.vs\build\login-server\x64\debug\login.obj
c:\users\felip\onedrive\documents\definitivero\definitivero\emulador\.vs\build\login-server\x64\debug\ipban.obj
c:\users\felip\onedrive\documents\definitivero\definitivero\emulador\.vs\build\login-server\x64\debug\logincnslif.obj
c:\users\felip\onedrive\documents\definitivero\definitivero\emulador\.vs\build\login-server\x64\debug\loginchrif.obj
c:\users\felip\onedrive\documents\definitivero\definitivero\emulador\.vs\build\login-server\x64\debug\loginclif.obj
c:\users\felip\onedrive\documents\definitivero\definitivero\emulador\.vs\build\login-server\x64\debug\vc143.pdb
c:\users\felip\onedrive\documents\definitivero\definitivero\emulador\login-server.exe
c:\users\felip\onedrive\documents\definitivero\definitivero\emulador\login-server.pdb
c:\users\felip\onedrive\documents\definitivero\definitivero\emulador\.vs\build\login-server\x64\debug\login-server.ilk
c:\users\felip\onedrive\documents\definitivero\definitivero\emulador\.vs\build\login-server\x64\debug\vc143.idb
c:\users\felip\onedrive\documents\definitivero\definitivero\emulador\.vs\build\login-server\x64\debug\login-server.vcxproj.filelistabsolute.txt
c:\users\felip\onedrive\documents\definitivero\definitivero\emulador\.vs\build\login-server\x64\debug\login-server.tlog\cl.26848.write.1.tlog
c:\users\felip\onedrive\documents\definitivero\definitivero\emulador\.vs\build\login-server\x64\debug\login-server.tlog\cl.command.1.tlog
c:\users\felip\onedrive\documents\definitivero\definitivero\emulador\.vs\build\login-server\x64\debug\login-server.tlog\cl.items.tlog
c:\users\felip\onedrive\documents\definitivero\definitivero\emulador\.vs\build\login-server\x64\debug\login-server.tlog\cl.read.1.tlog
c:\users\felip\onedrive\documents\definitivero\definitivero\emulador\.vs\build\login-server\x64\debug\login-server.tlog\link.command.1.tlog
c:\users\felip\onedrive\documents\definitivero\definitivero\emulador\.vs\build\login-server\x64\debug\login-server.tlog\link.read.1.tlog
c:\users\felip\onedrive\documents\definitivero\definitivero\emulador\.vs\build\login-server\x64\debug\login-server.tlog\link.secondary.1.tlog
c:\users\felip\onedrive\documents\definitivero\definitivero\emulador\.vs\build\login-server\x64\debug\login-server.tlog\link.write.1.tlog
