c:\users\felip\onedrive\documents\definitivero\definitivero\emulador\.vs\build\web-server\x64\debug\sqllock.obj
c:\users\felip\onedrive\documents\definitivero\definitivero\emulador\.vs\build\web-server\x64\debug\merchantstore_controller.obj
c:\users\felip\onedrive\documents\definitivero\definitivero\emulador\.vs\build\web-server\x64\debug\emblem_controller.obj
c:\users\felip\onedrive\documents\definitivero\definitivero\emulador\.vs\build\web-server\x64\debug\auth.obj
c:\users\felip\onedrive\documents\definitivero\definitivero\emulador\.vs\build\web-server\x64\debug\partybooking_controller.obj
c:\users\felip\onedrive\documents\definitivero\definitivero\emulador\.vs\build\web-server\x64\debug\charconfig_controller.obj
c:\users\felip\onedrive\documents\definitivero\definitivero\emulador\.vs\build\web-server\x64\debug\webutils.obj
c:\users\felip\onedrive\documents\definitivero\definitivero\emulador\.vs\build\web-server\x64\debug\userconfig_controller.obj
c:\users\felip\onedrive\documents\definitivero\definitivero\emulador\.vs\build\web-server\x64\debug\web.obj
c:\users\felip\onedrive\documents\definitivero\definitivero\emulador\.vs\build\web-server\x64\debug\vc143.pdb
c:\users\felip\onedrive\documents\definitivero\definitivero\emulador\web-server.exe
c:\users\felip\onedrive\documents\definitivero\definitivero\emulador\web-server.pdb
c:\users\felip\onedrive\documents\definitivero\definitivero\emulador\.vs\build\web-server\x64\debug\web-server.ilk
c:\users\felip\onedrive\documents\definitivero\definitivero\emulador\.vs\build\web-server\x64\debug\vc143.idb
c:\users\felip\onedrive\documents\definitivero\definitivero\emulador\.vs\build\web-server\x64\debug\web-server.vcxproj.filelistabsolute.txt
c:\users\felip\onedrive\documents\definitivero\definitivero\emulador\.vs\build\web-server\x64\debug\web-server.tlog\cl.26744.write.1.tlog
c:\users\felip\onedrive\documents\definitivero\definitivero\emulador\.vs\build\web-server\x64\debug\web-server.tlog\cl.command.1.tlog
c:\users\felip\onedrive\documents\definitivero\definitivero\emulador\.vs\build\web-server\x64\debug\web-server.tlog\cl.items.tlog
c:\users\felip\onedrive\documents\definitivero\definitivero\emulador\.vs\build\web-server\x64\debug\web-server.tlog\cl.read.1.tlog
c:\users\felip\onedrive\documents\definitivero\definitivero\emulador\.vs\build\web-server\x64\debug\web-server.tlog\link.command.1.tlog
c:\users\felip\onedrive\documents\definitivero\definitivero\emulador\.vs\build\web-server\x64\debug\web-server.tlog\link.read.1.tlog
c:\users\felip\onedrive\documents\definitivero\definitivero\emulador\.vs\build\web-server\x64\debug\web-server.tlog\link.secondary.1.tlog
c:\users\felip\onedrive\documents\definitivero\definitivero\emulador\.vs\build\web-server\x64\debug\web-server.tlog\link.write.1.tlog
