c:\users\felip\onedrive\documents\definitivero\definitivero\emulador\.vs\build\ryml\x64\debug\parse.obj
c:\users\felip\onedrive\documents\definitivero\definitivero\emulador\.vs\build\ryml\x64\debug\language.obj
c:\users\felip\onedrive\documents\definitivero\definitivero\emulador\.vs\build\ryml\x64\debug\tree.obj
c:\users\felip\onedrive\documents\definitivero\definitivero\emulador\.vs\build\ryml\x64\debug\memory_util.obj
c:\users\felip\onedrive\documents\definitivero\definitivero\emulador\.vs\build\ryml\x64\debug\node.obj
c:\users\felip\onedrive\documents\definitivero\definitivero\emulador\.vs\build\ryml\x64\debug\error.obj
c:\users\felip\onedrive\documents\definitivero\definitivero\emulador\.vs\build\ryml\x64\debug\preprocess.obj
c:\users\felip\onedrive\documents\definitivero\definitivero\emulador\.vs\build\ryml\x64\debug\format.obj
c:\users\felip\onedrive\documents\definitivero\definitivero\emulador\.vs\build\ryml\x64\debug\common.obj
c:\users\felip\onedrive\documents\definitivero\definitivero\emulador\.vs\build\ryml\x64\debug\char_traits.obj
c:\users\felip\onedrive\documents\definitivero\definitivero\emulador\.vs\build\ryml\x64\debug\utf.obj
c:\users\felip\onedrive\documents\definitivero\definitivero\emulador\.vs\build\ryml\x64\debug\memory_resource.obj
c:\users\felip\onedrive\documents\definitivero\definitivero\emulador\.vs\build\ryml\x64\debug\base64.obj
c:\users\felip\onedrive\documents\definitivero\definitivero\emulador\.vs\build\ryml\x64\debug\time.obj
c:\users\felip\onedrive\documents\definitivero\definitivero\emulador\.vs\build\ryml.pdb
c:\users\felip\onedrive\documents\definitivero\definitivero\emulador\.vs\build\ryml.lib
c:\users\felip\onedrive\documents\definitivero\definitivero\emulador\.vs\build\ryml\x64\debug\ryml.vcxproj.filelistabsolute.txt
c:\users\felip\onedrive\documents\definitivero\definitivero\emulador\.vs\build\ryml\x64\debug\ryml.tlog\cl.26756.write.1.tlog
c:\users\felip\onedrive\documents\definitivero\definitivero\emulador\.vs\build\ryml\x64\debug\ryml.tlog\cl.command.1.tlog
c:\users\felip\onedrive\documents\definitivero\definitivero\emulador\.vs\build\ryml\x64\debug\ryml.tlog\cl.items.tlog
c:\users\felip\onedrive\documents\definitivero\definitivero\emulador\.vs\build\ryml\x64\debug\ryml.tlog\cl.read.1.tlog
c:\users\felip\onedrive\documents\definitivero\definitivero\emulador\.vs\build\ryml\x64\debug\ryml.tlog\lib-link.read.1.tlog
c:\users\felip\onedrive\documents\definitivero\definitivero\emulador\.vs\build\ryml\x64\debug\ryml.tlog\lib-link.write.1.tlog
c:\users\felip\onedrive\documents\definitivero\definitivero\emulador\.vs\build\ryml\x64\debug\ryml.tlog\lib.command.1.tlog
