c:\users\felip\onedrive\documents\definitivero\definitivero\emulador\.vs\build\common-minicore\x64\debug\nullpo.obj
c:\users\felip\onedrive\documents\definitivero\definitivero\emulador\.vs\build\common-minicore\x64\debug\cli.obj
c:\users\felip\onedrive\documents\definitivero\definitivero\emulador\.vs\build\common-minicore\x64\debug\conf.obj
c:\users\felip\onedrive\documents\definitivero\definitivero\emulador\.vs\build\common-minicore\x64\debug\core.obj
c:\users\felip\onedrive\documents\definitivero\definitivero\emulador\.vs\build\common-minicore\x64\debug\grfio.obj
c:\users\felip\onedrive\documents\definitivero\definitivero\emulador\.vs\build\common-minicore\x64\debug\malloc.obj
c:\users\felip\onedrive\documents\definitivero\definitivero\emulador\.vs\build\common-minicore\x64\debug\mapindex.obj
c:\users\felip\onedrive\documents\definitivero\definitivero\emulador\.vs\build\common-minicore\x64\debug\des.obj
c:\users\felip\onedrive\documents\definitivero\definitivero\emulador\.vs\build\common-minicore\x64\debug\random.obj
c:\users\felip\onedrive\documents\definitivero\definitivero\emulador\.vs\build\common-minicore\x64\debug\md5calc.obj
c:\users\felip\onedrive\documents\definitivero\definitivero\emulador\.vs\build\common-minicore\x64\debug\winapi.obj
c:\users\felip\onedrive\documents\definitivero\definitivero\emulador\.vs\build\common-minicore\x64\debug\msg_conf.obj
c:\users\felip\onedrive\documents\definitivero\definitivero\emulador\.vs\build\common-minicore\x64\debug\utils.obj
c:\users\felip\onedrive\documents\definitivero\definitivero\emulador\.vs\build\common-minicore\x64\debug\showmsg.obj
c:\users\felip\onedrive\documents\definitivero\definitivero\emulador\.vs\build\common-minicore\x64\debug\strlib.obj
c:\users\felip\onedrive\documents\definitivero\definitivero\emulador\.vs\build\common-minicore.pdb
c:\users\felip\onedrive\documents\definitivero\definitivero\emulador\.vs\build\common-minicore.lib
c:\users\felip\onedrive\documents\definitivero\definitivero\emulador\.vs\build\common-minicore\x64\debug\common-minicore.vcxproj.filelistabsolute.txt
c:\users\felip\onedrive\documents\definitivero\definitivero\emulador\.vs\build\common-minicore\x64\debug\common-minicore.tlog\cl.28060.write.1.tlog
c:\users\felip\onedrive\documents\definitivero\definitivero\emulador\.vs\build\common-minicore\x64\debug\common-minicore.tlog\cl.command.1.tlog
c:\users\felip\onedrive\documents\definitivero\definitivero\emulador\.vs\build\common-minicore\x64\debug\common-minicore.tlog\cl.items.tlog
c:\users\felip\onedrive\documents\definitivero\definitivero\emulador\.vs\build\common-minicore\x64\debug\common-minicore.tlog\cl.read.1.tlog
c:\users\felip\onedrive\documents\definitivero\definitivero\emulador\.vs\build\common-minicore\x64\debug\common-minicore.tlog\lib-link.read.1.tlog
c:\users\felip\onedrive\documents\definitivero\definitivero\emulador\.vs\build\common-minicore\x64\debug\common-minicore.tlog\lib-link.write.1.tlog
c:\users\felip\onedrive\documents\definitivero\definitivero\emulador\.vs\build\common-minicore\x64\debug\common-minicore.tlog\lib.command.1.tlog
